<?xml version="1.0" encoding="UTF-8"?>
<testsuite xmlns:xsi="http://www.w3.org/2001/XMLSchema-instance" xsi:noNamespaceSchemaLocation="https://maven.apache.org/surefire/maven-surefire-plugin/xsd/surefire-test-report-3.0.xsd" version="3.0" name="org.example.camera.rest.JournalServiceRestTest" time="0.063" tests="1" errors="0" skipped="0" failures="0">
  <properties>
[...]
</properties>
  <testcase name="getJournal_returnsArray" classname="org.example.camera.rest.JournalServiceRestTest" time="0.034">
    <system-out><![CDATA[2025-12-22T07:28:58.135+03:00  INFO 8736 --- [           main] t.c.s.AnnotationConfigContextLoaderUtils : Could not detect default configuration classes for test class [org.example.camera.rest.JournalServiceRestTest]: JournalServiceRestTest does not declare any static, non-private, non-final, nested classes annotated with @Configuration.
2025-12-22T07:28:58.146+03:00  INFO 8736 --- [           main] .b.t.c.SpringBootTestContextBootstrapper : Found @SpringBootConfiguration org.example.camera.Application for test class org.example.camera.rest.JournalServiceRestTest
]]></system-out>
  </testcase>
</testsuite>